<?xml version="1.0" encoding="UTF-8" standalone="yes" ?>
<test-results name="C:\Users\david\OneDrive\Documentos\Embarcadero\Studio\Projects\RESTAssured\Fonte\Test\Win32\Debug\RESTAssuredTestProject.exe" total="3" errors="0" failures="0" ignored="0" inconclusive="0" not-run="0" skipped="0" invalid="0" date="2026-02-01" time="0.004">
  <culture-info current-culture="en" current-uiculture="en" />
  <test-suite type="Assembly" name="RESTAssuredTestProject.exe" executed="true" result="Success" success="True" time="0.004" asserts="0">
    <results>
        <test-suite type="Namespace" name="RESTAssuredJSONSpec" executed="true" result="Success" success="True" time="0.001" asserts="0" >
          <results>
              <test-suite type="Fixture" name="TRESTAssuredJSONSpecTest" executed="True" result="Success" success="True" time="0.001" >
                <results>
                  <test-case name="AssertThatJSONValueTest" executed="True" result="Success" success="True" time="0.000" asserts="0" />
                </results>
              </test-suite>
          </results>
        </test-suite>
        <test-suite type="Namespace" name="RESTAssuredResponseSpec" executed="true" result="Success" success="True" time="0.001" asserts="0" >
          <results>
              <test-suite type="Fixture" name="TRESTAssuredResponseSpecTest" executed="True" result="Success" success="True" time="0.001" >
                <results>
                  <test-case name="NoContentResponseTest" executed="True" result="Success" success="True" time="0.000" asserts="0" />
                  <test-case name="OKWithHelloWorldBodyResponseTest" executed="True" result="Success" success="True" time="0.000" asserts="0" />
                </results>
              </test-suite>
          </results>
        </test-suite>
    </results>
  </test-suite>
</test-results>
